
ROM used:   390/8192 (5%)
            390/8192 (5%) including unused fragments

            0.5 Average locations per line
            4.5 Average locations per statement

RAM used:   13/368 (4%) at main() level
            16/368 (4%) worst case

Stack used: 2 worst case (2 in main + 0 for interrupts)
Stack size: 8

Lines Stmts  %   Files
----- ----- ---  -----
  149    86 100  SKOREBOARD.c
  672     0   0  ..\..\..\..\..\Program Files (x86)\PICC\Devices\16f877a.h
----- -----
  821    86 Total

Page ROM  %  RAM    Vol Diff  Functions:
---- --- --- ---    --- ----  ----------
0     21   5    1    561  4.8  @delay_ms1
0     14   4    0    561  4.8  @const628
0     29   7    0    112  2.6  basamak
0     21   5    3     68  1.5  @DIV88
0    176  45    1    918  1.9  tarama
0     99  25    1   1138  4.9  test
0     26   7    0     68  1.5  MAIN
 Inline         0             @cinit1

Program metrics:
    Functions               7
    Statements              86
    Comments                167
    Volume (V)              4844
    Difficulty (D)          22.6
    Effort to implement (E) 109631
    Time to implement (T)   1 hours, 42 minutes
    Est Delivered Bugs (B)  1
    Cyclomatic Complexity   18
    Maintainability (MI)    144

 Segment     Used  Free
-----------  ----  ----
00000-00003     4  0  
00004-007FF   386  1658  
00800-00FFF     0  2048  
01000-017FF     0  2048  
01800-01FFF     0  2048  



